<?xml version="1.0" encoding="UTF-8"?>
<!-- Generated by org.testng.reporters.JUnitReportReporter -->
<testsuite skipped="0" hostname="LAPTOP-J9THCFRO" name="TestNG.parallelTesting" tests="3" failures="0" timestamp="2021-12-23T09:42:47 IST" time="14.228" errors="0">
  <testcase name="openGoogle" time="4.026" classname="TestNG.parallelTesting"/>
  <system-out/>
  <testcase name="openBing" time="6.666" classname="TestNG.parallelTesting"/>
  <system-out/>
  <testcase name="openYahoo" time="3.536" classname="TestNG.parallelTesting"/>
  <system-out/>
</testsuite> <!-- TestNG.parallelTesting -->
