<?xml version="1.0" encoding="UTF-8"?>
<!-- Generated by org.testng.reporters.JUnitReportReporter -->
<testsuite skipped="0" hostname="LAPTOP-J9THCFRO" name="TestNG.parameterizeExample" tests="1" failures="0" timestamp="2021-12-23T09:44:08 IST" time="0.006" errors="0">
  <testcase name="displayName" time="0.006" classname="TestNG.parameterizeExample"/>
  <system-out/>
</testsuite> <!-- TestNG.parameterizeExample -->
