<?xml version="1.0" encoding="UTF-8"?>
<!-- Generated by org.testng.reporters.JUnitReportReporter -->
<testsuite skipped="0" hostname="LAPTOP-J9THCFRO" name="TestNG.hierarchyAnnoatations" tests="2" failures="0" timestamp="2021-12-27T12:18:54 IST" time="0.007" errors="0">
  <testcase name="test1" time="0.005" classname="TestNG.hierarchyAnnoatations"/>
  <system-out/>
  <testcase name="test2" time="0.002" classname="TestNG.hierarchyAnnoatations"/>
  <system-out/>
</testsuite> <!-- TestNG.hierarchyAnnoatations -->
