<?xml version="1.0" encoding="UTF-8"?>
<!-- Generated by org.testng.reporters.JUnitReportReporter -->
<testsuite skipped="0" hostname="LAPTOP-J9THCFRO" name="TestNG.beforeAfterSuiteExample" tests="6" failures="0" timestamp="2021-12-22T13:16:31 IST" time="14.575" errors="0">
  <testcase name="openYahoo" time="1.990" classname="TestNG.beforeAfterSuiteExample"/>
  <system-out/>
  <testcase name="openBing" time="0.668" classname="TestNG.beforeAfterSuiteExample"/>
  <system-out/>
  <testcase name="openGoogle" time="0.824" classname="TestNG.beforeAfterSuiteExample"/>
  <system-out/>
  <testcase name="openMyntra" time="3.188" classname="TestNG.beforeAfterSuiteExample"/>
  <system-out/>
  <testcase name="openFlipkart" time="2.239" classname="TestNG.beforeAfterSuiteExample"/>
  <system-out/>
  <testcase name="openAmazon" time="5.666" classname="TestNG.beforeAfterSuiteExample"/>
  <system-out/>
</testsuite> <!-- TestNG.beforeAfterSuiteExample -->
